2023-09-11 09:53:41.887  INFO 8184 --- [main] c.c.b.BackEndProjectApplication          : Starting BackEndProjectApplication using Java 15.0.1 on d-i89-177-158.student.eduroam.uq.edu.au with PID 8184 (/Users/jianchi/Desktop/comp3820/back-end-project/target/classes started by jianchi in /Users/jianchi/Desktop/comp3820/back-end-project)
2023-09-11 09:53:41.889  INFO 8184 --- [main] c.c.b.BackEndProjectApplication          : No active profile set, falling back to 1 default profile: "default"
2023-09-11 09:53:42.785  INFO 8184 --- [main] o.s.b.w.embedded.tomcat.TomcatWebServer  : Tomcat initialized with port(s): 18000 (http)
2023-09-11 09:53:42.793  INFO 8184 --- [main] o.apache.catalina.core.StandardService   : Starting service [Tomcat]
2023-09-11 09:53:42.793  INFO 8184 --- [main] org.apache.catalina.core.StandardEngine  : Starting Servlet engine: [Apache Tomcat/9.0.79]
2023-09-11 09:53:42.878  INFO 8184 --- [main] o.a.c.c.C.[Tomcat].[localhost].[/]       : Initializing Spring embedded WebApplicationContext
2023-09-11 09:53:42.879  INFO 8184 --- [main] w.s.c.ServletWebServerApplicationContext : Root WebApplicationContext: initialization completed in 944 ms
2023-09-11 09:53:43.067 DEBUG 8184 --- [main] s.w.s.m.m.a.RequestMappingHandlerAdapter : ControllerAdvice beans: 0 @ModelAttribute, 0 @InitBinder, 1 RequestBodyAdvice, 1 ResponseBodyAdvice
2023-09-11 09:53:43.137 DEBUG 8184 --- [main] s.w.s.m.m.a.RequestMappingHandlerMapping : 3 mappings in 'requestMappingHandlerMapping'
2023-09-11 09:53:43.151 DEBUG 8184 --- [main] o.s.w.s.handler.SimpleUrlHandlerMapping  : Patterns [/webjars/**, /**] in 'resourceHandlerMapping'
2023-09-11 09:53:43.158 DEBUG 8184 --- [main] .m.m.a.ExceptionHandlerExceptionResolver : ControllerAdvice beans: 0 @ExceptionHandler, 1 ResponseBodyAdvice
2023-09-11 09:53:43.224  INFO 8184 --- [main] o.s.b.w.embedded.tomcat.TomcatWebServer  : Tomcat started on port(s): 18000 (http) with context path ''
2023-09-11 09:53:43.243  INFO 8184 --- [main] c.c.b.BackEndProjectApplication          : Started BackEndProjectApplication in 1.789 seconds (JVM running for 2.486)
2023-09-11 09:54:22.264  INFO 8189 --- [main] c.c.b.BackEndProjectApplication          : Starting BackEndProjectApplication using Java 15.0.1 on d-i89-177-158.student.eduroam.uq.edu.au with PID 8189 (/Users/jianchi/Desktop/comp3820/back-end-project/target/classes started by jianchi in /Users/jianchi/Desktop/comp3820/back-end-project)
2023-09-11 09:54:22.267  INFO 8189 --- [main] c.c.b.BackEndProjectApplication          : No active profile set, falling back to 1 default profile: "default"
2023-09-11 09:54:23.222  INFO 8189 --- [main] o.s.b.w.embedded.tomcat.TomcatWebServer  : Tomcat initialized with port(s): 18000 (http)
2023-09-11 09:54:23.228  INFO 8189 --- [main] o.apache.catalina.core.StandardService   : Starting service [Tomcat]
2023-09-11 09:54:23.228  INFO 8189 --- [main] org.apache.catalina.core.StandardEngine  : Starting Servlet engine: [Apache Tomcat/9.0.79]
2023-09-11 09:54:23.316  INFO 8189 --- [main] o.a.c.c.C.[Tomcat].[localhost].[/]       : Initializing Spring embedded WebApplicationContext
2023-09-11 09:54:23.317  INFO 8189 --- [main] w.s.c.ServletWebServerApplicationContext : Root WebApplicationContext: initialization completed in 988 ms
2023-09-11 09:54:23.397  INFO 8189 --- [main] c.c.b.service.Imp.PatientDataServiceImp  : PatientDataServiceImp(RestTemplate restTemplate) is called
2023-09-11 09:54:23.529 DEBUG 8189 --- [main] s.w.s.m.m.a.RequestMappingHandlerAdapter : ControllerAdvice beans: 0 @ModelAttribute, 0 @InitBinder, 1 RequestBodyAdvice, 1 ResponseBodyAdvice
2023-09-11 09:54:23.598 DEBUG 8189 --- [main] s.w.s.m.m.a.RequestMappingHandlerMapping : 3 mappings in 'requestMappingHandlerMapping'
2023-09-11 09:54:23.614 DEBUG 8189 --- [main] o.s.w.s.handler.SimpleUrlHandlerMapping  : Patterns [/webjars/**, /**] in 'resourceHandlerMapping'
2023-09-11 09:54:23.620 DEBUG 8189 --- [main] .m.m.a.ExceptionHandlerExceptionResolver : ControllerAdvice beans: 0 @ExceptionHandler, 1 ResponseBodyAdvice
2023-09-11 09:54:23.685  INFO 8189 --- [main] o.s.b.w.embedded.tomcat.TomcatWebServer  : Tomcat started on port(s): 18000 (http) with context path ''
2023-09-11 09:54:23.705  INFO 8189 --- [main] c.c.b.BackEndProjectApplication          : Started BackEndProjectApplication in 1.851 seconds (JVM running for 2.44)
2023-09-11 09:55:01.354  INFO 8194 --- [main] c.c.b.BackEndProjectApplication          : Starting BackEndProjectApplication using Java 15.0.1 on d-i89-177-158.student.eduroam.uq.edu.au with PID 8194 (/Users/jianchi/Desktop/comp3820/back-end-project/target/classes started by jianchi in /Users/jianchi/Desktop/comp3820/back-end-project)
2023-09-11 09:55:01.357  INFO 8194 --- [main] c.c.b.BackEndProjectApplication          : No active profile set, falling back to 1 default profile: "default"
2023-09-11 09:55:02.325  INFO 8194 --- [main] o.s.b.w.embedded.tomcat.TomcatWebServer  : Tomcat initialized with port(s): 18000 (http)
2023-09-11 09:55:02.331  INFO 8194 --- [main] o.apache.catalina.core.StandardService   : Starting service [Tomcat]
2023-09-11 09:55:02.331  INFO 8194 --- [main] org.apache.catalina.core.StandardEngine  : Starting Servlet engine: [Apache Tomcat/9.0.79]
2023-09-11 09:55:02.409  INFO 8194 --- [main] o.a.c.c.C.[Tomcat].[localhost].[/]       : Initializing Spring embedded WebApplicationContext
2023-09-11 09:55:02.409  INFO 8194 --- [main] w.s.c.ServletWebServerApplicationContext : Root WebApplicationContext: initialization completed in 991 ms
2023-09-11 09:55:02.484 ERROR 8194 --- [main] c.c.b.service.Imp.PatientDataServiceImp  : PatientDataServiceImp(RestTemplate restTemplate) is called
2023-09-11 09:55:02.613 DEBUG 8194 --- [main] s.w.s.m.m.a.RequestMappingHandlerAdapter : ControllerAdvice beans: 0 @ModelAttribute, 0 @InitBinder, 1 RequestBodyAdvice, 1 ResponseBodyAdvice
2023-09-11 09:55:02.686 DEBUG 8194 --- [main] s.w.s.m.m.a.RequestMappingHandlerMapping : 3 mappings in 'requestMappingHandlerMapping'
2023-09-11 09:55:02.699 DEBUG 8194 --- [main] o.s.w.s.handler.SimpleUrlHandlerMapping  : Patterns [/webjars/**, /**] in 'resourceHandlerMapping'
2023-09-11 09:55:02.704 DEBUG 8194 --- [main] .m.m.a.ExceptionHandlerExceptionResolver : ControllerAdvice beans: 0 @ExceptionHandler, 1 ResponseBodyAdvice
2023-09-11 09:55:02.765  INFO 8194 --- [main] o.s.b.w.embedded.tomcat.TomcatWebServer  : Tomcat started on port(s): 18000 (http) with context path ''
2023-09-11 09:55:02.783  INFO 8194 --- [main] c.c.b.BackEndProjectApplication          : Started BackEndProjectApplication in 1.855 seconds (JVM running for 2.45)
