2024-06-03 13:01:03.638  INFO 31556 --- [main] c.c.b.BackEndProjectApplicationTests     : Starting BackEndProjectApplicationTests using Java 17.0.9 on HF-214-TREFFERYW with PID 31556 (started by Treffery Webb in C:\Users\Treffery Webb\Documents\Projects\genhealth-8\backend\back-end-project)
2024-06-03 13:01:03.646  INFO 31556 --- [main] c.c.b.BackEndProjectApplicationTests     : No active profile set, falling back to 1 default profile: "default"
2024-06-03 13:01:03.700 DEBUG 31556 --- [main] o.s.w.c.s.GenericWebApplicationContext   : Refreshing org.springframework.web.context.support.GenericWebApplicationContext@7e0aadd0
2024-06-03 13:01:05.379  INFO 31556 --- [main] .s.d.r.c.RepositoryConfigurationDelegate : Bootstrapping Spring Data MongoDB repositories in DEFAULT mode.
2024-06-03 13:01:05.581  INFO 31556 --- [main] .s.d.r.c.RepositoryConfigurationDelegate : Finished Spring Data repository scanning in 179 ms. Found 2 MongoDB repository interfaces.
2024-06-03 13:01:06.919  INFO 31556 --- [main] org.mongodb.driver.client                : MongoClient with metadata {"driver": {"name": "mongo-java-driver|sync|spring-boot", "version": "4.6.1"}, "os": {"type": "Windows", "name": "Windows 10", "architecture": "amd64", "version": "10.0"}, "platform": "Java/Oracle Corporation/17.0.9+11-LTS-201"} created with settings MongoClientSettings{readPreference=primary, writeConcern=WriteConcern{w=majority, wTimeout=null ms, journal=null}, retryWrites=true, retryReads=true, readConcern=ReadConcern{level=null}, credential=MongoCredential{mechanism=null, userName='comp3820', source='comp3820', password=<hidden>, mechanismProperties=<hidden>}, streamFactoryFactory=null, commandListeners=[], codecRegistry=ProvidersCodecRegistry{codecProviders=[ValueCodecProvider{}, BsonValueCodecProvider{}, DBRefCodecProvider{}, DBObjectCodecProvider{}, DocumentCodecProvider{}, IterableCodecProvider{}, MapCodecProvider{}, GeoJsonCodecProvider{}, GridFSFileCodecProvider{}, Jsr310CodecProvider{}, JsonObjectCodecProvider{}, BsonCodecProvider{}, EnumCodecProvider{}, com.mongodb.Jep395RecordCodecProvider@6993c8df]}, clusterSettings={hosts=[127.0.0.1:27017], srvHost=cluster0.m5swobe.mongodb.net, srvServiceName=mongodb, mode=MULTIPLE, requiredClusterType=UNKNOWN, requiredReplicaSetName='null', serverSelector='null', clusterListeners='[]', serverSelectionTimeout='30000 ms', localThreshold='30000 ms'}, socketSettings=SocketSettings{connectTimeoutMS=10000, readTimeoutMS=0, receiveBufferSize=0, sendBufferSize=0}, heartbeatSocketSettings=SocketSettings{connectTimeoutMS=10000, readTimeoutMS=10000, receiveBufferSize=0, sendBufferSize=0}, connectionPoolSettings=ConnectionPoolSettings{maxSize=100, minSize=0, maxWaitTimeMS=120000, maxConnectionLifeTimeMS=0, maxConnectionIdleTimeMS=0, maintenanceInitialDelayMS=0, maintenanceFrequencyMS=60000, connectionPoolListeners=[], maxConnecting=2}, serverSettings=ServerSettings{heartbeatFrequencyMS=10000, minHeartbeatFrequencyMS=500, serverListeners='[]', serverMonitorListeners='[]'}, sslSettings=SslSettings{enabled=true, invalidHostNameAllowed=false, context=null}, applicationName='null', compressorList=[], uuidRepresentation=JAVA_LEGACY, serverApi=null, autoEncryptionSettings=null, contextProvider=null}
2024-06-03 13:01:06.935  INFO 31556 --- [cluster-ClusterId{value='665d31f299f06a74b315f923', description='null'}-srv-cluster0.m5swobe.mongodb.net] org.mongodb.driver.cluster               : Exception while resolving SRV records

com.mongodb.MongoConfigurationException: Failed looking up SRV record for '_mongodb._tcp.cluster0.m5swobe.mongodb.net'.
	at com.mongodb.internal.dns.DefaultDnsResolver.resolveHostFromSrvRecords(DefaultDnsResolver.java:92) ~[mongodb-driver-core-4.6.1.jar:na]
	at com.mongodb.internal.connection.DefaultDnsSrvRecordMonitor$DnsSrvRecordMonitorRunnable.run(DefaultDnsSrvRecordMonitor.java:80) ~[mongodb-driver-core-4.6.1.jar:na]
	at java.base/java.lang.Thread.run(Thread.java:842) ~[na:na]
Caused by: com.mongodb.spi.dns.DnsWithResponseCodeException: DNS name not found [response code 3]
	at com.mongodb.internal.dns.JndiDnsClient.getResourceRecordData(JndiDnsClient.java:52) ~[mongodb-driver-core-4.6.1.jar:na]
	at com.mongodb.internal.dns.DefaultDnsResolver.resolveHostFromSrvRecords(DefaultDnsResolver.java:74) ~[mongodb-driver-core-4.6.1.jar:na]
	... 2 common frames omitted
Caused by: javax.naming.NameNotFoundException: DNS name not found [response code 3]
	at jdk.naming.dns/com.sun.jndi.dns.DnsClient.checkResponseCode(DnsClient.java:659) ~[jdk.naming.dns:na]
	at jdk.naming.dns/com.sun.jndi.dns.DnsClient.isMatchResponse(DnsClient.java:577) ~[jdk.naming.dns:na]
	at jdk.naming.dns/com.sun.jndi.dns.DnsClient.doUdpQuery(DnsClient.java:429) ~[jdk.naming.dns:na]
	at jdk.naming.dns/com.sun.jndi.dns.DnsClient.query(DnsClient.java:214) ~[jdk.naming.dns:na]
	at jdk.naming.dns/com.sun.jndi.dns.Resolver.query(Resolver.java:81) ~[jdk.naming.dns:na]
	at jdk.naming.dns/com.sun.jndi.dns.DnsContext.c_getAttributes(DnsContext.java:434) ~[jdk.naming.dns:na]
	at java.naming/com.sun.jndi.toolkit.ctx.ComponentDirContext.p_getAttributes(ComponentDirContext.java:235) ~[na:na]
	at java.naming/com.sun.jndi.toolkit.ctx.PartialCompositeDirContext.getAttributes(PartialCompositeDirContext.java:141) ~[na:na]
	at java.naming/com.sun.jndi.toolkit.ctx.PartialCompositeDirContext.getAttributes(PartialCompositeDirContext.java:129) ~[na:na]
	at java.naming/javax.naming.directory.InitialDirContext.getAttributes(InitialDirContext.java:171) ~[na:na]
	at com.mongodb.internal.dns.JndiDnsClient.getResourceRecordData(JndiDnsClient.java:41) ~[mongodb-driver-core-4.6.1.jar:na]
	... 3 common frames omitted

2024-06-03 13:01:08.964 DEBUG 31556 --- [main] s.w.s.m.m.a.RequestMappingHandlerAdapter : ControllerAdvice beans: 0 @ModelAttribute, 0 @InitBinder, 1 RequestBodyAdvice, 1 ResponseBodyAdvice
2024-06-03 13:01:09.276 DEBUG 31556 --- [main] s.w.s.m.m.a.RequestMappingHandlerMapping : 13 mappings in 'requestMappingHandlerMapping'
2024-06-03 13:01:09.413 DEBUG 31556 --- [main] o.s.w.s.handler.SimpleUrlHandlerMapping  : Patterns [/webjars/**, /**] in 'resourceHandlerMapping'
2024-06-03 13:01:09.459 DEBUG 31556 --- [main] .m.m.a.ExceptionHandlerExceptionResolver : ControllerAdvice beans: 0 @ExceptionHandler, 1 ResponseBodyAdvice
2024-06-03 13:01:09.823  INFO 31556 --- [main] c.c.b.BackEndProjectApplicationTests     : Started BackEndProjectApplicationTests in 7.308 seconds (JVM running for 9.575)
2024-06-03 13:01:11.048 DEBUG 31556 --- [SpringApplicationShutdownHook] o.s.w.c.s.GenericWebApplicationContext   : Closing org.springframework.web.context.support.GenericWebApplicationContext@7e0aadd0, started on Mon Jun 03 13:01:03 AEST 2024
